<?xml version="1.0" encoding="UTF-8"?>
<testng-results skipped="0" failed="0" total="1" passed="1">
  <reporter-output>
  </reporter-output>
  <suite name="Default suite" duration-ms="13937" started-at="2017-09-26T03:42:01Z" finished-at="2017-09-26T03:42:15Z">
    <groups>
    </groups>
    <test name="Default test" duration-ms="13937" started-at="2017-09-26T03:42:01Z" finished-at="2017-09-26T03:42:15Z">
      <class name="testScripts.TC002_verifyMultipleWindows">
        <test-method status="PASS" signature="setUp()[pri:0, instance:testScripts.TC002_verifyMultipleWindows@464bee09]" name="setUp" is-config="true" duration-ms="13123" started-at="2017-09-26T16:42:01Z" finished-at="2017-09-26T16:42:14Z">
          <reporter-output>
          </reporter-output>
        </test-method> <!-- setUp -->
        <test-method status="PASS" signature="test()[pri:0, instance:testScripts.TC002_verifyMultipleWindows@464bee09]" name="test" duration-ms="791" started-at="2017-09-26T16:42:14Z" finished-at="2017-09-26T16:42:15Z">
          <reporter-output>
          </reporter-output>
        </test-method> <!-- test -->
      </class> <!-- testScripts.TC002_verifyMultipleWindows -->
    </test> <!-- Default test -->
  </suite> <!-- Default suite -->
</testng-results>
