<?xml version="1.0" encoding="UTF-8"?>
<!-- Generated by org.testng.reporters.JUnitXMLReporter -->
<testsuite hostname="Ammu-PC" name="dependsOnTest" tests="3" failures="1" timestamp="2 Oct 2017 04:25:38 GMT" time="0.038" errors="0">
  <testcase name="login" time="0.016" classname="testNG.DependsOnTest">
    <failure type="java.lang.AssertionError" message="expected [true] but found [false]">
      <![CDATA[java.lang.AssertionError: expected [true] but found [false]
	at testNG.DependsOnTest.login(DependsOnTest.java:14)
... Removed 28 stack frames]]>
    </failure>
  </testcase> <!-- login -->
  <testcase name="logout" time="0.001" classname="testNG.DependsOnTest">
    <skipped/>
  </testcase> <!-- logout -->
  <testcase name="test2" time="0.0" classname="testNG.DependsOnTest">
    <skipped/>
  </testcase> <!-- test2 -->
</testsuite> <!-- dependsOnTest -->
